<?xml version="1.0" encoding="UTF-8"?>
<!-- Generated by org.testng.reporters.JUnitXMLReporter -->
<testsuite ignored="0" hostname="DESKTOP-CKBL5PE" failures="1" tests="1" name="Test" time="3.404" errors="0" timestamp="24 Aug 2023 12:56:07 GMT">
  <testcase classname="org.testing.testscripts.testcase1" name="tc1" time="3.365">
    <failure type="java.lang.AssertionError" message="data match failed expected [201] but found [{
  &amp;quot;fav shot&amp;quot;: &amp;quot;front foot&amp;quot;,
  &amp;quot;name&amp;quot;: &amp;quot;sessi&amp;quot;,
  &amp;quot;id&amp;quot;: &amp;quot;-2011678011&amp;quot;
}]">
      <![CDATA[java.lang.AssertionError: data match failed expected [201] but found [{
  "fav shot": "front foot",
  "name": "sessi",
  "id": "-2011678011"
}]
	at org.testing.responsevalidation.responsedatavalidation.responsevalidate(responsedatavalidation.java:11)
	at org.testing.testscripts.testcase1.tc1(testcase1.java:31)
... Removed 29 stack frames]]>
    </failure>
  </testcase> <!-- tc1 -->
</testsuite> <!-- Test -->
